2025-08-04 01:42:43,562 - INFO - Starting our Model Training pipeline
2025-08-04 01:42:43,562 - INFO - Starting our MLFLOW experimentation
2025-08-04 01:42:43,562 - INFO - Logging the training and testing datset to MLFLOW
2025-08-04 01:42:43,565 - INFO - Loading data from artifacts/processed/processed_train.csv
2025-08-04 01:42:43,565 - INFO - Loading data
2025-08-04 01:42:43,575 - INFO - Loading data from artifacts/processed/processed_test.csv
2025-08-04 01:42:43,575 - INFO - Loading data
2025-08-04 01:42:43,579 - INFO - Data splitted sucefully for Model Training
2025-08-04 01:42:43,579 - INFO - Intializing our model
2025-08-04 01:42:43,579 - INFO - Starting our Hyperparamter tuning
2025-08-04 01:42:43,579 - INFO - Starting our Hyperparamter tuning
2025-08-04 01:42:54,494 - INFO - Hyperparamter tuning completed
2025-08-04 01:42:54,494 - INFO - Best paramters are : {'boosting_type': 'gbdt', 'learning_rate': np.float64(0.1293700315892974), 'max_depth': 23, 'n_estimators': 314, 'num_leaves': 94}
2025-08-04 01:42:54,495 - INFO - Evaluating our model
2025-08-04 01:42:54,528 - INFO - Accuracy Score : 0.8806183115338883
2025-08-04 01:42:54,528 - INFO - Precision Score : 0.863667348329925
2025-08-04 01:42:54,528 - INFO - Recall Score : 0.9039239001189061
2025-08-04 01:42:54,528 - INFO - F1 Score : 0.8833372066000464
2025-08-04 01:42:54,529 - INFO - saving the model
2025-08-04 01:42:54,541 - INFO - Model saved to artifacts/models/lgbm_model.pkl
2025-08-04 01:42:54,541 - INFO - Logging the model into MLFLOW
2025-08-04 01:42:54,542 - INFO - Logging Params and metrics to MLFLOW
2025-08-04 01:42:54,548 - INFO - Model Training sucesfullly completed
