2025-08-04 02:53:14,132 - INFO - Succesfully read the YAML file
2025-08-04 02:53:14,132 - INFO - Data Ingestion started with my_firstbucket789 and file is  Hotel_Reservations.csv
2025-08-04 02:53:14,132 - INFO - Starting data ingestion process
2025-08-04 02:53:14,899 - INFO - CSV file is sucesfully downloaded to artifacts/raw/raw.csv
2025-08-04 02:53:14,899 - INFO - Starting the splitting process
2025-08-04 02:53:15,031 - INFO - Train data saved to artifacts/raw/train.csv
2025-08-04 02:53:15,031 - INFO - Test data saved to artifacts/raw/test.csv
2025-08-04 02:53:15,032 - INFO - Data ingestion completed sucesfully
2025-08-04 02:53:15,032 - INFO - Data ingestion completed
2025-08-04 02:53:15,032 - INFO - Succesfully read the YAML file
2025-08-04 02:53:15,032 - INFO - Loading data from RAW directory
2025-08-04 02:53:15,032 - INFO - Loading data
2025-08-04 02:53:15,054 - INFO - Loading data
2025-08-04 02:53:15,060 - INFO - Starting our Data Processing step
2025-08-04 02:53:15,060 - INFO - Dropping the columns
2025-08-04 02:53:15,068 - INFO - Applying Label Encoding
2025-08-04 02:53:15,073 - INFO - Label Mappings are : 
2025-08-04 02:53:15,073 - INFO - type_of_meal_plan : {'Meal Plan 1': np.int64(0), 'Meal Plan 2': np.int64(1), 'Meal Plan 3': np.int64(2), 'Not Selected': np.int64(3)}
2025-08-04 02:53:15,073 - INFO - required_car_parking_space : {np.int64(0): np.int64(0), np.int64(1): np.int64(1)}
2025-08-04 02:53:15,073 - INFO - room_type_reserved : {'Room_Type 1': np.int64(0), 'Room_Type 2': np.int64(1), 'Room_Type 3': np.int64(2), 'Room_Type 4': np.int64(3), 'Room_Type 5': np.int64(4), 'Room_Type 6': np.int64(5), 'Room_Type 7': np.int64(6)}
2025-08-04 02:53:15,073 - INFO - market_segment_type : {'Aviation': np.int64(0), 'Complementary': np.int64(1), 'Corporate': np.int64(2), 'Offline': np.int64(3), 'Online': np.int64(4)}
2025-08-04 02:53:15,073 - INFO - repeated_guest : {np.int64(0): np.int64(0), np.int64(1): np.int64(1)}
2025-08-04 02:53:15,073 - INFO - booking_status : {'Canceled': np.int64(0), 'Not_Canceled': np.int64(1)}
2025-08-04 02:53:15,073 - INFO - Doing Skewness HAndling
2025-08-04 02:53:15,075 - INFO - Starting our Data Processing step
2025-08-04 02:53:15,075 - INFO - Dropping the columns
2025-08-04 02:53:15,077 - INFO - Applying Label Encoding
2025-08-04 02:53:15,078 - INFO - Label Mappings are : 
2025-08-04 02:53:15,078 - INFO - type_of_meal_plan : {'Meal Plan 1': np.int64(0), 'Meal Plan 2': np.int64(1), 'Meal Plan 3': np.int64(2), 'Not Selected': np.int64(3)}
2025-08-04 02:53:15,079 - INFO - required_car_parking_space : {np.int64(0): np.int64(0), np.int64(1): np.int64(1)}
2025-08-04 02:53:15,079 - INFO - room_type_reserved : {'Room_Type 1': np.int64(0), 'Room_Type 2': np.int64(1), 'Room_Type 3': np.int64(2), 'Room_Type 4': np.int64(3), 'Room_Type 5': np.int64(4), 'Room_Type 6': np.int64(5), 'Room_Type 7': np.int64(6)}
2025-08-04 02:53:15,079 - INFO - market_segment_type : {'Aviation': np.int64(0), 'Complementary': np.int64(1), 'Corporate': np.int64(2), 'Offline': np.int64(3), 'Online': np.int64(4)}
2025-08-04 02:53:15,079 - INFO - repeated_guest : {np.int64(0): np.int64(0), np.int64(1): np.int64(1)}
2025-08-04 02:53:15,079 - INFO - booking_status : {'Canceled': np.int64(0), 'Not_Canceled': np.int64(1)}
2025-08-04 02:53:15,079 - INFO - Doing Skewness HAndling
2025-08-04 02:53:15,079 - INFO - Handling Imbalanced Data
2025-08-04 02:53:15,131 - INFO - Data balanced sucesffuly
2025-08-04 02:53:15,131 - INFO - Handling Imbalanced Data
2025-08-04 02:53:15,138 - INFO - Data balanced sucesffuly
2025-08-04 02:53:15,138 - INFO - Starting our Feature selection step
2025-08-04 02:53:16,775 - INFO - Features selected : ['lead_time' 'no_of_special_requests' 'avg_price_per_room' 'arrival_month'
 'arrival_date' 'market_segment_type' 'no_of_week_nights'
 'no_of_weekend_nights' 'type_of_meal_plan' 'room_type_reserved']
2025-08-04 02:53:16,775 - INFO - Feature slection completed sucesfully
2025-08-04 02:53:16,779 - INFO - Saving our data in processed folder
2025-08-04 02:53:16,812 - INFO - Data saved sucesfuly to artifacts/processed/processed_train.csv
2025-08-04 02:53:16,812 - INFO - Saving our data in processed folder
2025-08-04 02:53:16,822 - INFO - Data saved sucesfuly to artifacts/processed/processed_test.csv
2025-08-04 02:53:16,822 - INFO - Data processing completed sucesfully
2025-08-04 02:53:16,891 - INFO - Starting our Model Training pipeline
2025-08-04 02:53:16,891 - INFO - Starting our MLFLOW experimentation
2025-08-04 02:53:16,891 - INFO - Logging the training and testing datset to MLFLOW
2025-08-04 02:53:16,892 - INFO - Loading data from artifacts/processed/processed_train.csv
2025-08-04 02:53:16,892 - INFO - Loading data
2025-08-04 02:53:16,901 - INFO - Loading data from artifacts/processed/processed_test.csv
2025-08-04 02:53:16,901 - INFO - Loading data
2025-08-04 02:53:16,904 - INFO - Data splitted sucefully for Model Training
2025-08-04 02:53:16,904 - INFO - Intializing our model
2025-08-04 02:53:16,904 - INFO - Starting our Hyperparamter tuning
2025-08-04 02:53:16,904 - INFO - Starting our Hyperparamter tuning
2025-08-04 02:53:27,546 - INFO - Hyperparamter tuning completed
2025-08-04 02:53:27,547 - INFO - Best paramters are : {'boosting_type': 'gbdt', 'learning_rate': np.float64(0.1293700315892974), 'max_depth': 23, 'n_estimators': 314, 'num_leaves': 94}
2025-08-04 02:53:27,547 - INFO - Evaluating our model
2025-08-04 02:53:27,580 - INFO - Accuracy Score : 0.8806183115338883
2025-08-04 02:53:27,580 - INFO - Precision Score : 0.863667348329925
2025-08-04 02:53:27,580 - INFO - Recall Score : 0.9039239001189061
2025-08-04 02:53:27,580 - INFO - F1 Score : 0.8833372066000464
2025-08-04 02:53:27,580 - INFO - saving the model
2025-08-04 02:53:27,624 - INFO - Model saved to artifacts/models/lgbm_model.pkl
2025-08-04 02:53:27,624 - INFO - Logging the model into MLFLOW
2025-08-04 02:53:27,625 - INFO - Logging Params and metrics to MLFLOW
2025-08-04 02:53:27,630 - INFO - Model Training sucesfullly completed
